[Mon Jan 24 12:02:37 CET 2022] Deploying appli
[Mon Jan 24 12:02:38 CET 2022] M4102C> No JSP engine specified, Apache Jasper is assumed by default
[Mon Jan 24 12:02:38 CET 2022] TJWS: Servlet overriden by rogatkin.web.WebAppServlet@63376bed, for path:/M4102C/*
/0:0:0:0:0:0:0:1:8040 - - [24/Jan/2022:12:02:41 +0100] "GET /M4102C/action HTTP/1.1" 200 0 - -
/0:0:0:0:0:0:0:1:8040 - - [24/Jan/2022:12:02:54 +0100] "GET /M4102C/action&entier=42 HTTP/1.1" 404 578 - -
[Mon Jan 24 12:03:13 CET 2022] M4102C> 
java.lang.ClassNotFoundException: HorlogeServlet
	at java.base/java.net.URLClassLoader.findClass(URLClassLoader.java:445)
	at java.base/java.lang.ClassLoader.loadClass(ClassLoader.java:587)
	at java.base/java.lang.ClassLoader.loadClass(ClassLoader.java:520)
	at rogatkin.web.WebAppServlet$ServletAccessDescr.newInstance(WebAppServlet.java:355)
	at rogatkin.web.WebAppServlet.service(WebAppServlet.java:1401)
	at Acme.Serve.Serve$ServeConnection.runServlet(Serve.java:2408)
	at Acme.Serve.Serve$ServeConnection.parseRequest(Serve.java:2330)
	at Acme.Serve.Serve$ServeConnection.run(Serve.java:2110)
	at Acme.Utils$ThreadPool$PooledThread.run(Utils.java:1238)
	at java.base/java.lang.Thread.run(Thread.java:833)

[Mon Jan 24 12:03:13 CET 2022] TJWS: Servlet exception
javax.servlet.ServletException: Servlet class HorlogeServlet not found. 
	at rogatkin.web.WebAppServlet$ServletAccessDescr.newInstance(WebAppServlet.java:406)
	at rogatkin.web.WebAppServlet.service(WebAppServlet.java:1401)
	at Acme.Serve.Serve$ServeConnection.runServlet(Serve.java:2408)
	at Acme.Serve.Serve$ServeConnection.parseRequest(Serve.java:2330)
	at Acme.Serve.Serve$ServeConnection.run(Serve.java:2110)
	at Acme.Utils$ThreadPool$PooledThread.run(Utils.java:1238)
	at java.base/java.lang.Thread.run(Thread.java:833)
Caused by: java.lang.ClassNotFoundException: HorlogeServlet
	at java.base/java.net.URLClassLoader.findClass(URLClassLoader.java:445)
	at java.base/java.lang.ClassLoader.loadClass(ClassLoader.java:587)
	at java.base/java.lang.ClassLoader.loadClass(ClassLoader.java:520)
	at rogatkin.web.WebAppServlet$ServletAccessDescr.newInstance(WebAppServlet.java:355)
	... 6 more

[Mon Jan 24 12:03:13 CET 2022] Caused by
java.lang.ClassNotFoundException: HorlogeServlet
	at java.base/java.net.URLClassLoader.findClass(URLClassLoader.java:445)
	at java.base/java.lang.ClassLoader.loadClass(ClassLoader.java:587)
	at java.base/java.lang.ClassLoader.loadClass(ClassLoader.java:520)
	at rogatkin.web.WebAppServlet$ServletAccessDescr.newInstance(WebAppServlet.java:355)
	at rogatkin.web.WebAppServlet.service(WebAppServlet.java:1401)
	at Acme.Serve.Serve$ServeConnection.runServlet(Serve.java:2408)
	at Acme.Serve.Serve$ServeConnection.parseRequest(Serve.java:2330)
	at Acme.Serve.Serve$ServeConnection.run(Serve.java:2110)
	at Acme.Utils$ThreadPool$PooledThread.run(Utils.java:1238)
	at java.base/java.lang.Thread.run(Thread.java:833)

[Mon Jan 24 12:03:13 CET 2022] TJWS: javax.servlet.ServletException: Servlet class HorlogeServlet not found. 
/0:0:0:0:0:0:0:1:8040 - - [24/Jan/2022:12:03:13 +0100] "GET /M4102C/date HTTP/1.1" 500 767 - -
/0:0:0:0:0:0:0:1:8040 - - [24/Jan/2022:12:03:18 +0100] "GET /M4102C/ HTTP/1.1" 200 479 - -
/0:0:0:0:0:0:0:1:8040 - - [24/Jan/2022:12:03:21 +0100] "GET /M4102C/action HTTP/1.1" 200 0 - -
[Mon Jan 24 12:04:21 CET 2022] TJWS: Accept: java.io.IOException
