[Mon Jan 24 12:08:08 CET 2022] No .war packaged web apps found in default
[Mon Jan 24 12:08:08 CET 2022] M4102C> No JSP engine specified, Apache Jasper is assumed by default
[Mon Jan 24 12:08:09 CET 2022] TJWS: Servlet overriden by rogatkin.web.WebAppServlet@1ffaf86, for path:/M4102C/*
[Mon Jan 24 12:09:19 CET 2022] TJWS: invalidated 0 sessions for context rogatkin.web.WebAppServlet@1ffaf86
[Mon Jan 24 12:09:19 CET 2022] Deploying appli
[Mon Jan 24 12:09:20 CET 2022] M4102C> No JSP engine specified, Apache Jasper is assumed by default
[Mon Jan 24 12:09:20 CET 2022] TJWS: Servlet overriden by rogatkin.web.WebAppServlet@20114563, for path:/M4102C/*
[Mon Jan 24 12:09:25 CET 2022] TJWS: invalidated 0 sessions for context rogatkin.web.WebAppServlet@20114563
[Mon Jan 24 12:09:25 CET 2022] Deploying appli
[Mon Jan 24 12:09:25 CET 2022] M4102C> No JSP engine specified, Apache Jasper is assumed by default
[Mon Jan 24 12:09:25 CET 2022] TJWS: Servlet overriden by rogatkin.web.WebAppServlet@4d3904e1, for path:/M4102C/*
[Mon Jan 24 12:09:28 CET 2022] TJWS: Unexpected problem running servlet
java.lang.RuntimeException: java.lang.NumberFormatException: Cannot parse null string
	at rogatkin.web.WebAppServlet$SimpleFilterChain.doFilter(WebAppServlet.java:3621)
	at rogatkin.web.WebAppServlet$WebAppContextFilter.doFilter(WebAppServlet.java:3206)
	at rogatkin.web.WebAppServlet$SimpleFilterChain.doFilter(WebAppServlet.java:3557)
	at rogatkin.web.WebAppServlet.service(WebAppServlet.java:1451)
	at Acme.Serve.Serve$ServeConnection.runServlet(Serve.java:2408)
	at Acme.Serve.Serve$ServeConnection.parseRequest(Serve.java:2330)
	at Acme.Serve.Serve$ServeConnection.run(Serve.java:2110)
	at Acme.Utils$ThreadPool$PooledThread.run(Utils.java:1238)
	at java.base/java.lang.Thread.run(Thread.java:833)
Caused by: java.lang.NumberFormatException: Cannot parse null string
	at java.base/java.lang.Integer.parseInt(Integer.java:630)
	at java.base/java.lang.Integer.parseInt(Integer.java:786)
	at com.iut.servlets.Action.doGet(Action.java:13)
	at javax.servlet.http.HttpServlet.service(HttpServlet.java:734)
	at javax.servlet.http.HttpServlet.service(HttpServlet.java:847)
	at rogatkin.web.WebAppServlet$SimpleFilterChain.doFilter(WebAppServlet.java:3585)
	... 8 more

[Mon Jan 24 12:09:28 CET 2022] TJWS: Unexpected problem running servlet: java.lang.RuntimeException: java.lang.NumberFormatException: Cannot parse null string
/0:0:0:0:0:0:0:1:8040 - - [24/Jan/2022:12:09:28 +0100] "GET /M4102C/action HTTP/1.1" 500 914 - -
[Mon Jan 24 12:09:30 CET 2022] TJWS: Unexpected problem running servlet
java.lang.RuntimeException: java.lang.NumberFormatException: Cannot parse null string
	at rogatkin.web.WebAppServlet$SimpleFilterChain.doFilter(WebAppServlet.java:3621)
	at rogatkin.web.WebAppServlet$WebAppContextFilter.doFilter(WebAppServlet.java:3206)
	at rogatkin.web.WebAppServlet$SimpleFilterChain.doFilter(WebAppServlet.java:3557)
	at rogatkin.web.WebAppServlet.service(WebAppServlet.java:1451)
	at Acme.Serve.Serve$ServeConnection.runServlet(Serve.java:2408)
	at Acme.Serve.Serve$ServeConnection.parseRequest(Serve.java:2330)
	at Acme.Serve.Serve$ServeConnection.run(Serve.java:2110)
	at Acme.Utils$ThreadPool$PooledThread.run(Utils.java:1238)
	at java.base/java.lang.Thread.run(Thread.java:833)
Caused by: java.lang.NumberFormatException: Cannot parse null string
	at java.base/java.lang.Integer.parseInt(Integer.java:630)
	at java.base/java.lang.Integer.parseInt(Integer.java:786)
	at com.iut.servlets.Action.doGet(Action.java:13)
	at javax.servlet.http.HttpServlet.service(HttpServlet.java:734)
	at javax.servlet.http.HttpServlet.service(HttpServlet.java:847)
	at rogatkin.web.WebAppServlet$SimpleFilterChain.doFilter(WebAppServlet.java:3585)
	... 8 more

[Mon Jan 24 12:09:30 CET 2022] TJWS: Unexpected problem running servlet: java.lang.RuntimeException: java.lang.NumberFormatException: Cannot parse null string
/0:0:0:0:0:0:0:1:8040 - - [24/Jan/2022:12:09:30 +0100] "GET /M4102C/action HTTP/1.1" 500 914 - -
[Mon Jan 24 12:09:31 CET 2022] TJWS: invalidated 0 sessions for context rogatkin.web.WebAppServlet@4d3904e1
[Mon Jan 24 12:09:31 CET 2022] Deploying appli
[Mon Jan 24 12:09:31 CET 2022] M4102C> No JSP engine specified, Apache Jasper is assumed by default
[Mon Jan 24 12:09:31 CET 2022] TJWS: Servlet overriden by rogatkin.web.WebAppServlet@4b371990, for path:/M4102C/*
[Mon Jan 24 12:09:36 CET 2022] TJWS: invalidated 0 sessions for context rogatkin.web.WebAppServlet@4b371990
[Mon Jan 24 12:09:36 CET 2022] Deploying appli
[Mon Jan 24 12:09:37 CET 2022] M4102C> No JSP engine specified, Apache Jasper is assumed by default
[Mon Jan 24 12:09:37 CET 2022] TJWS: Servlet overriden by rogatkin.web.WebAppServlet@481d707b, for path:/M4102C/*
[Mon Jan 24 12:09:40 CET 2022] TJWS: Accept: java.io.IOException
